<?xml version="1.0" encoding="UTF-8"?>
<testsuite name="com.binaypaul.learnspringbootreactive.LearnSpringBootReactiveApplicationTests" tests="1" skipped="0" failures="0" errors="0" timestamp="2026-08-10T19:21:51.155Z" hostname="Binays-MacBook-Air.local" time="1.45">
  <properties/>
  <testcase name="contextLoads()" classname="com.binaypaul.learnspringbootreactive.LearnSpringBootReactiveApplicationTests" time="0.419"/>
  <system-out><![CDATA[00:51:51.238 [Test worker] INFO org.springframework.test.context.support.AnnotationConfigContextLoaderUtils -- Could not detect default configuration classes for test class [com.binaypaul.learnspringbootreactive.LearnSpringBootReactiveApplicationTests]: LearnSpringBootReactiveApplicationTests does not declare any static, non-private, non-final, nested classes annotated with @Configuration.
00:51:51.293 [Test worker] INFO org.springframework.boot.test.context.SpringBootTestContextBootstrapper -- Found @SpringBootConfiguration com.binaypaul.learnspringbootreactive.LearnSpringBootReactiveApplication for test class com.binaypaul.learnspringbootreactive.LearnSpringBootReactiveApplicationTests
00:51:51.334 [Test worker] INFO org.springframework.test.context.support.AnnotationConfigContextLoaderUtils -- Could not detect default configuration classes for test class [com.binaypaul.learnspringbootreactive.LearnSpringBootReactiveApplicationTests]: LearnSpringBootReactiveApplicationTests does not declare any static, non-private, non-final, nested classes annotated with @Configuration.
00:51:51.335 [Test worker] INFO org.springframework.boot.test.context.SpringBootTestContextBootstrapper -- Found @SpringBootConfiguration com.binaypaul.learnspringbootreactive.LearnSpringBootReactiveApplication for test class com.binaypaul.learnspringbootreactive.LearnSpringBootReactiveApplicationTests

  .   ____          _            __ _ _
 /\\ / ___'_ __ _ _(_)_ __  __ _ \ \ \ \
( ( )\___ | '_ | '_| | '_ \/ _` | \ \ \ \
 \\/  ___)| |_)| | | | | || (_| |  ) ) ) )
  '  |____| .__|_| |_|_| |_\__, | / / / /
 =========|_|==============|___/=/_/_/_/

 :: Spring Boot ::                (v4.1.0)

2026-08-11T00:51:51.477+05:30  INFO 22962 --- [LearnSpringBootReactive] [    Test worker] .LearnSpringBootReactiveApplicationTests : Starting LearnSpringBootReactiveApplicationTests using Java 25.0.4 with PID 22962 (started by binaypaul in /Users/binaypaul/learnings/github/LearnSpringBootReactive)
2026-08-11T00:51:51.477+05:30  INFO 22962 --- [LearnSpringBootReactive] [    Test worker] .LearnSpringBootReactiveApplicationTests : No active profile set, falling back to 1 default profile: "default"
2026-08-11T00:51:51.999+05:30  INFO 22962 --- [LearnSpringBootReactive] [    Test worker] o.s.b.a.e.web.EndpointLinksResolver      : Exposing 1 endpoint beneath base path '/actuator'
2026-08-11T00:51:52.183+05:30  INFO 22962 --- [LearnSpringBootReactive] [    Test worker] .LearnSpringBootReactiveApplicationTests : Started LearnSpringBootReactiveApplicationTests in 0.824 seconds (process running for 1.421)
]]></system-out>
  <system-err><![CDATA[Mockito is currently self-attaching to enable the inline-mock-maker. This will no longer work in future releases of the JDK. Please add Mockito as an agent to your build as described in Mockito's documentation: https://javadoc.io/doc/org.mockito/mockito-core/latest/org.mockito/org/mockito/Mockito.html#0.3
WARNING: A Java agent has been loaded dynamically (/Users/binaypaul/.gradle/caches/modules-2/files-2.1/net.bytebuddy/byte-buddy-agent/1.18.10/9426d28828bdcdf42666bb7a68c468279ea78f59/byte-buddy-agent-1.18.10.jar)
WARNING: If a serviceability tool is in use, please run with -XX:+EnableDynamicAgentLoading to hide this warning
WARNING: If a serviceability tool is not in use, please run with -Djdk.instrument.traceUsage for more information
WARNING: Dynamic loading of agents will be disallowed by default in a future release
]]></system-err>
</testsuite>
